<?xml version="1.0" encoding="UTF-8"?>
<!-- Generated by org.testng.reporters.JUnitXMLReporter -->
<testsuite hostname="DESKTOP-JF602DO" ignored="0" name="Test" tests="4" failures="0" timestamp="19 Apr 2020 10:40:25 GMT" time="0.134" errors="0">
  <testcase name="tc03" time="0.012" classname="sprint_1.login"/>
  <testcase name="tc04" time="0.007" classname="sprint_1.sprint2"/>
  <testcase name="tc02" time="0.003" classname="sprint_1.login"/>
  <testcase name="tc01" time="0.012" classname="sprint_1.login"/>
</testsuite> <!-- Test -->
