<?xml version="1.0" encoding="UTF-8"?>
<testng-results skipped="0" failed="0" ignored="1" total="2" passed="1">
  <reporter-output>
  </reporter-output>
  <suite name="Assignments" duration-ms="34607" started-at="2020-04-25T12:50:52Z" finished-at="2020-04-25T12:51:27Z">
    <groups>
    </groups>
    <test name="Chrome_Test" duration-ms="34607" started-at="2020-04-25T12:50:52Z" finished-at="2020-04-25T12:51:27Z">
      <class name="assignments.Facebook">
        <test-method status="PASS" signature="LaunchBrowser(java.lang.String, java.lang.String)[pri:0, instance:assignments.Facebook@2a5ca609]" name="LaunchBrowser" is-config="true" duration-ms="15342" started-at="2020-04-25T18:20:52Z" finished-at="2020-04-25T18:21:08Z">
          <params>
            <param index="0">
              <value>
                <![CDATA[chrome]]>
              </value>
            </param>
            <param index="1">
              <value>
                <![CDATA[https://www.facebook.com/]]>
              </value>
            </param>
          </params>
          <reporter-output>
          </reporter-output>
        </test-method> <!-- LaunchBrowser -->
        <test-method status="PASS" signature="FB()[pri:0, instance:assignments.Facebook@2a5ca609]" name="FB" duration-ms="19241" started-at="2020-04-25T18:21:08Z" finished-at="2020-04-25T18:21:27Z">
          <reporter-output>
          </reporter-output>
        </test-method> <!-- FB -->
        <test-method status="PASS" signature="CloseBrowser()[pri:0, instance:assignments.Facebook@2a5ca609]" name="CloseBrowser" is-config="true" duration-ms="1" started-at="2020-04-25T18:21:27Z" finished-at="2020-04-25T18:21:27Z">
          <reporter-output>
          </reporter-output>
        </test-method> <!-- CloseBrowser -->
      </class> <!-- assignments.Facebook -->
    </test> <!-- Chrome_Test -->
  </suite> <!-- Assignments -->
</testng-results>
